<?xml version="1.0" encoding="UTF-8"?>
<testsuite xmlns:xsi="http://www.w3.org/2001/XMLSchema-instance" xsi:noNamespaceSchemaLocation="https://maven.apache.org/surefire/maven-surefire-plugin/xsd/surefire-test-report-3.0.xsd" version="3.0" name="Search users validate the posts and comments" time="18.128" tests="1" errors="0" skipped="0" failures="0">
  <properties>
    <property name="java.specification.version" value="17"/>
    <property name="sun.cpu.isalist" value="amd64"/>
    <property name="sun.jnu.encoding" value="Cp1252"/>
    <property name="java.class.path" value="C:\Users\ELCOT\Downloads\FreeRestAssured\RestAssuredAPI-master\target\test-classes;C:\Users\ELCOT\Downloads\FreeRestAssured\RestAssuredAPI-master\target\classes;C:\Users\ELCOT\.m2\repository\io\rest-assured\rest-assured\4.2.0\rest-assured-4.2.0.jar;C:\Users\ELCOT\.m2\repository\org\codehaus\groovy\groovy-xml\2.5.8\groovy-xml-2.5.8.jar;C:\Users\ELCOT\.m2\repository\org\apache\httpcomponents\httpclient\4.5.3\httpclient-4.5.3.jar;C:\Users\ELCOT\.m2\repository\org\apache\httpcomponents\httpcore\4.4.6\httpcore-4.4.6.jar;C:\Users\ELCOT\.m2\repository\commons-logging\commons-logging\1.2\commons-logging-1.2.jar;C:\Users\ELCOT\.m2\repository\commons-codec\commons-codec\1.9\commons-codec-1.9.jar;C:\Users\ELCOT\.m2\repository\org\apache\httpcomponents\httpmime\4.5.3\httpmime-4.5.3.jar;C:\Users\ELCOT\.m2\repository\org\hamcrest\hamcrest\2.1\hamcrest-2.1.jar;C:\Users\ELCOT\.m2\repository\org\ccil\cowan\tagsoup\tagsoup\1.2.1\tagsoup-1.2.1.jar;C:\Users\ELCOT\.m2\repository\io\rest-assured\json-path\4.2.0\json-path-4.2.0.jar;C:\Users\ELCOT\.m2\repository\io\rest-assured\rest-assured-common\4.2.0\rest-assured-common-4.2.0.jar;C:\Users\ELCOT\.m2\repository\io\rest-assured\xml-path\4.2.0\xml-path-4.2.0.jar;C:\Users\ELCOT\.m2\repository\org\apache\commons\commons-lang3\3.4\commons-lang3-3.4.jar;C:\Users\ELCOT\.m2\repository\jakarta\xml\bind\jakarta.xml.bind-api\2.3.2\jakarta.xml.bind-api-2.3.2.jar;C:\Users\ELCOT\.m2\repository\jakarta\activation\jakarta.activation-api\1.2.1\jakarta.activation-api-1.2.1.jar;C:\Users\ELCOT\.m2\repository\com\sun\xml\bind\jaxb-osgi\2.3.0.1\jaxb-osgi-2.3.0.1.jar;C:\Users\ELCOT\.m2\repository\org\apache\sling\org.apache.sling.javax.activation\0.1.0\org.apache.sling.javax.activation-0.1.0.jar;C:\Users\ELCOT\.m2\repository\javax\activation\activation\1.1.1\activation-1.1.1.jar;C:\Users\ELCOT\.m2\repository\junit\junit\4.13\junit-4.13.jar;C:\Users\ELCOT\.m2\repository\org\hamcrest\hamcrest-core\1.3\hamcrest-core-1.3.jar;C:\Users\ELCOT\.m2\repository\io\cucumber\cucumber-java\5.2.0\cucumber-java-5.2.0.jar;C:\Users\ELCOT\.m2\repository\io\cucumber\cucumber-core\5.2.0\cucumber-core-5.2.0.jar;C:\Users\ELCOT\.m2\repository\io\cucumber\cucumber-gherkin\5.2.0\cucumber-gherkin-5.2.0.jar;C:\Users\ELCOT\.m2\repository\io\cucumber\cucumber-gherkin-vintage\5.2.0\cucumber-gherkin-vintage-5.2.0.jar;C:\Users\ELCOT\.m2\repository\io\cucumber\tag-expressions\2.0.4\tag-expressions-2.0.4.jar;C:\Users\ELCOT\.m2\repository\io\cucumber\cucumber-expressions\8.3.1\cucumber-expressions-8.3.1.jar;C:\Users\ELCOT\.m2\repository\io\cucumber\datatable\3.3.0\datatable-3.3.0.jar;C:\Users\ELCOT\.m2\repository\io\cucumber\cucumber-plugin\5.2.0\cucumber-plugin-5.2.0.jar;C:\Users\ELCOT\.m2\repository\io\cucumber\docstring\5.2.0\docstring-5.2.0.jar;C:\Users\ELCOT\.m2\repository\org\apiguardian\apiguardian-api\1.1.0\apiguardian-api-1.1.0.jar;C:\Users\ELCOT\.m2\repository\io\cucumber\cucumber-jvm-deps\1.0.6\cucumber-jvm-deps-1.0.6.jar;C:\Users\ELCOT\.m2\repository\io\cucumber\cucumber-junit\5.2.0\cucumber-junit-5.2.0.jar;C:\Users\ELCOT\.m2\repository\com\vimalselvam\cucumber-extentsreport\3.0.2\cucumber-extentsreport-3.0.2.jar;C:\Users\ELCOT\.m2\repository\com\aventstack\extentreports\3.1.2\extentreports-3.1.2.jar;C:\Users\ELCOT\.m2\repository\org\freemarker\freemarker\2.3.23\freemarker-2.3.23.jar;C:\Users\ELCOT\.m2\repository\org\mongodb\mongodb-driver\3.3.0\mongodb-driver-3.3.0.jar;C:\Users\ELCOT\.m2\repository\org\mongodb\bson\3.3.0\bson-3.3.0.jar;C:\Users\ELCOT\.m2\repository\org\mongodb\mongodb-driver-core\3.3.0\mongodb-driver-core-3.3.0.jar;C:\Users\ELCOT\.m2\repository\org\jsoup\jsoup\1.9.2\jsoup-1.9.2.jar;C:\Users\ELCOT\.m2\repository\com\google\code\gson\gson\2.8.0\gson-2.8.0.jar;C:\Users\ELCOT\.m2\repository\org\codehaus\groovy\groovy-ant\3.0.8\groovy-ant-3.0.8.jar;C:\Users\ELCOT\.m2\repository\org\apache\ant\ant\1.10.9\ant-1.10.9.jar;C:\Users\ELCOT\.m2\repository\org\apache\ant\ant-junit\1.10.9\ant-junit-1.10.9.jar;C:\Users\ELCOT\.m2\repository\org\apache\ant\ant-launcher\1.10.9\ant-launcher-1.10.9.jar;C:\Users\ELCOT\.m2\repository\org\apache\ant\ant-antlr\1.10.9\ant-antlr-1.10.9.jar;C:\Users\ELCOT\.m2\repository\org\codehaus\groovy\groovy-astbuilder\3.0.8\groovy-astbuilder-3.0.8.jar;C:\Users\ELCOT\.m2\repository\org\codehaus\groovy\groovy-cli-picocli\3.0.8\groovy-cli-picocli-3.0.8.jar;C:\Users\ELCOT\.m2\repository\info\picocli\picocli\4.5.2\picocli-4.5.2.jar;C:\Users\ELCOT\.m2\repository\org\codehaus\groovy\groovy-console\3.0.8\groovy-console-3.0.8.jar;C:\Users\ELCOT\.m2\repository\org\codehaus\groovy\groovy-datetime\3.0.8\groovy-datetime-3.0.8.jar;C:\Users\ELCOT\.m2\repository\org\codehaus\groovy\groovy-docgenerator\3.0.8\groovy-docgenerator-3.0.8.jar;C:\Users\ELCOT\.m2\repository\com\thoughtworks\qdox\qdox\1.12.1\qdox-1.12.1.jar;C:\Users\ELCOT\.m2\repository\org\codehaus\groovy\groovy-groovydoc\3.0.8\groovy-groovydoc-3.0.8.jar;C:\Users\ELCOT\.m2\repository\com\github\javaparser\javaparser-core\3.18.0\javaparser-core-3.18.0.jar;C:\Users\ELCOT\.m2\repository\org\codehaus\groovy\groovy-groovysh\3.0.8\groovy-groovysh-3.0.8.jar;C:\Users\ELCOT\.m2\repository\jline\jline\2.14.6\jline-2.14.6.jar;C:\Users\ELCOT\.m2\repository\org\codehaus\groovy\groovy-jmx\3.0.8\groovy-jmx-3.0.8.jar;C:\Users\ELCOT\.m2\repository\org\codehaus\groovy\groovy-jsr223\3.0.8\groovy-jsr223-3.0.8.jar;C:\Users\ELCOT\.m2\repository\org\codehaus\groovy\groovy-macro\3.0.8\groovy-macro-3.0.8.jar;C:\Users\ELCOT\.m2\repository\org\codehaus\groovy\groovy-nio\3.0.8\groovy-nio-3.0.8.jar;C:\Users\ELCOT\.m2\repository\org\codehaus\groovy\groovy-servlet\3.0.8\groovy-servlet-3.0.8.jar;C:\Users\ELCOT\.m2\repository\org\codehaus\groovy\groovy-sql\3.0.8\groovy-sql-3.0.8.jar;C:\Users\ELCOT\.m2\repository\org\codehaus\groovy\groovy-swing\3.0.8\groovy-swing-3.0.8.jar;C:\Users\ELCOT\.m2\repository\org\codehaus\groovy\groovy-templates\3.0.8\groovy-templates-3.0.8.jar;C:\Users\ELCOT\.m2\repository\org\codehaus\groovy\groovy-test\3.0.8\groovy-test-3.0.8.jar;C:\Users\ELCOT\.m2\repository\org\codehaus\groovy\groovy-test-junit5\3.0.8\groovy-test-junit5-3.0.8.jar;C:\Users\ELCOT\.m2\repository\org\junit\jupiter\junit-jupiter-api\5.7.0\junit-jupiter-api-5.7.0.jar;C:\Users\ELCOT\.m2\repository\org\opentest4j\opentest4j\1.2.0\opentest4j-1.2.0.jar;C:\Users\ELCOT\.m2\repository\org\junit\platform\junit-platform-launcher\1.7.0\junit-platform-launcher-1.7.0.jar;C:\Users\ELCOT\.m2\repository\org\junit\platform\junit-platform-engine\1.7.0\junit-platform-engine-1.7.0.jar;C:\Users\ELCOT\.m2\repository\org\junit\platform\junit-platform-commons\1.7.0\junit-platform-commons-1.7.0.jar;C:\Users\ELCOT\.m2\repository\org\junit\jupiter\junit-jupiter-engine\5.7.0\junit-jupiter-engine-5.7.0.jar;C:\Users\ELCOT\.m2\repository\org\codehaus\groovy\groovy-testng\3.0.8\groovy-testng-3.0.8.jar;C:\Users\ELCOT\.m2\repository\org\testng\testng\7.4.0\testng-7.4.0.jar;C:\Users\ELCOT\.m2\repository\com\beust\jcommander\1.78\jcommander-1.78.jar;C:\Users\ELCOT\.m2\repository\org\webjars\jquery\3.5.1\jquery-3.5.1.jar;C:\Users\ELCOT\.m2\repository\org\codehaus\groovy\groovy\3.0.8\groovy-3.0.8.jar;C:\Users\ELCOT\.m2\repository\org\codehaus\groovy\groovy-json\3.0.8\groovy-json-3.0.8.jar;"/>
    <property name="java.vm.vendor" value="Eclipse Adoptium"/>
    <property name="sun.arch.data.model" value="64"/>
    <property name="user.variant" value=""/>
    <property name="java.vendor.url" value="https://adoptium.net/"/>
    <property name="user.timezone" value="America/Los_Angeles"/>
    <property name="os.name" value="Windows 10"/>
    <property name="java.vm.specification.version" value="17"/>
    <property name="sun.java.launcher" value="SUN_STANDARD"/>
    <property name="user.country" value="IN"/>
    <property name="sun.boot.library.path" value="C:\Users\ELCOT\.p2\pool\plugins\org.eclipse.justj.openjdk.hotspot.jre.full.win32.x86_64_17.0.3.v20220515-1416\jre\bin"/>
    <property name="sun.java.command" value="C:\Users\ELCOT\AppData\Local\Temp\surefire660731643494185468\surefirebooter5359817537306589068.jar C:\Users\ELCOT\AppData\Local\Temp\surefire660731643494185468 2022-07-09T09-18-19_436-jvmRun1 surefire7375080079701287530tmp surefire_012146953645975722903tmp"/>
    <property name="jdk.debug" value="release"/>
    <property name="surefire.test.class.path" value="C:\Users\ELCOT\Downloads\FreeRestAssured\RestAssuredAPI-master\target\test-classes;C:\Users\ELCOT\Downloads\FreeRestAssured\RestAssuredAPI-master\target\classes;C:\Users\ELCOT\.m2\repository\io\rest-assured\rest-assured\4.2.0\rest-assured-4.2.0.jar;C:\Users\ELCOT\.m2\repository\org\codehaus\groovy\groovy-xml\2.5.8\groovy-xml-2.5.8.jar;C:\Users\ELCOT\.m2\repository\org\apache\httpcomponents\httpclient\4.5.3\httpclient-4.5.3.jar;C:\Users\ELCOT\.m2\repository\org\apache\httpcomponents\httpcore\4.4.6\httpcore-4.4.6.jar;C:\Users\ELCOT\.m2\repository\commons-logging\commons-logging\1.2\commons-logging-1.2.jar;C:\Users\ELCOT\.m2\repository\commons-codec\commons-codec\1.9\commons-codec-1.9.jar;C:\Users\ELCOT\.m2\repository\org\apache\httpcomponents\httpmime\4.5.3\httpmime-4.5.3.jar;C:\Users\ELCOT\.m2\repository\org\hamcrest\hamcrest\2.1\hamcrest-2.1.jar;C:\Users\ELCOT\.m2\repository\org\ccil\cowan\tagsoup\tagsoup\1.2.1\tagsoup-1.2.1.jar;C:\Users\ELCOT\.m2\repository\io\rest-assured\json-path\4.2.0\json-path-4.2.0.jar;C:\Users\ELCOT\.m2\repository\io\rest-assured\rest-assured-common\4.2.0\rest-assured-common-4.2.0.jar;C:\Users\ELCOT\.m2\repository\io\rest-assured\xml-path\4.2.0\xml-path-4.2.0.jar;C:\Users\ELCOT\.m2\repository\org\apache\commons\commons-lang3\3.4\commons-lang3-3.4.jar;C:\Users\ELCOT\.m2\repository\jakarta\xml\bind\jakarta.xml.bind-api\2.3.2\jakarta.xml.bind-api-2.3.2.jar;C:\Users\ELCOT\.m2\repository\jakarta\activation\jakarta.activation-api\1.2.1\jakarta.activation-api-1.2.1.jar;C:\Users\ELCOT\.m2\repository\com\sun\xml\bind\jaxb-osgi\2.3.0.1\jaxb-osgi-2.3.0.1.jar;C:\Users\ELCOT\.m2\repository\org\apache\sling\org.apache.sling.javax.activation\0.1.0\org.apache.sling.javax.activation-0.1.0.jar;C:\Users\ELCOT\.m2\repository\javax\activation\activation\1.1.1\activation-1.1.1.jar;C:\Users\ELCOT\.m2\repository\junit\junit\4.13\junit-4.13.jar;C:\Users\ELCOT\.m2\repository\org\hamcrest\hamcrest-core\1.3\hamcrest-core-1.3.jar;C:\Users\ELCOT\.m2\repository\io\cucumber\cucumber-java\5.2.0\cucumber-java-5.2.0.jar;C:\Users\ELCOT\.m2\repository\io\cucumber\cucumber-core\5.2.0\cucumber-core-5.2.0.jar;C:\Users\ELCOT\.m2\repository\io\cucumber\cucumber-gherkin\5.2.0\cucumber-gherkin-5.2.0.jar;C:\Users\ELCOT\.m2\repository\io\cucumber\cucumber-gherkin-vintage\5.2.0\cucumber-gherkin-vintage-5.2.0.jar;C:\Users\ELCOT\.m2\repository\io\cucumber\tag-expressions\2.0.4\tag-expressions-2.0.4.jar;C:\Users\ELCOT\.m2\repository\io\cucumber\cucumber-expressions\8.3.1\cucumber-expressions-8.3.1.jar;C:\Users\ELCOT\.m2\repository\io\cucumber\datatable\3.3.0\datatable-3.3.0.jar;C:\Users\ELCOT\.m2\repository\io\cucumber\cucumber-plugin\5.2.0\cucumber-plugin-5.2.0.jar;C:\Users\ELCOT\.m2\repository\io\cucumber\docstring\5.2.0\docstring-5.2.0.jar;C:\Users\ELCOT\.m2\repository\org\apiguardian\apiguardian-api\1.1.0\apiguardian-api-1.1.0.jar;C:\Users\ELCOT\.m2\repository\io\cucumber\cucumber-jvm-deps\1.0.6\cucumber-jvm-deps-1.0.6.jar;C:\Users\ELCOT\.m2\repository\io\cucumber\cucumber-junit\5.2.0\cucumber-junit-5.2.0.jar;C:\Users\ELCOT\.m2\repository\com\vimalselvam\cucumber-extentsreport\3.0.2\cucumber-extentsreport-3.0.2.jar;C:\Users\ELCOT\.m2\repository\com\aventstack\extentreports\3.1.2\extentreports-3.1.2.jar;C:\Users\ELCOT\.m2\repository\org\freemarker\freemarker\2.3.23\freemarker-2.3.23.jar;C:\Users\ELCOT\.m2\repository\org\mongodb\mongodb-driver\3.3.0\mongodb-driver-3.3.0.jar;C:\Users\ELCOT\.m2\repository\org\mongodb\bson\3.3.0\bson-3.3.0.jar;C:\Users\ELCOT\.m2\repository\org\mongodb\mongodb-driver-core\3.3.0\mongodb-driver-core-3.3.0.jar;C:\Users\ELCOT\.m2\repository\org\jsoup\jsoup\1.9.2\jsoup-1.9.2.jar;C:\Users\ELCOT\.m2\repository\com\google\code\gson\gson\2.8.0\gson-2.8.0.jar;C:\Users\ELCOT\.m2\repository\org\codehaus\groovy\groovy-ant\3.0.8\groovy-ant-3.0.8.jar;C:\Users\ELCOT\.m2\repository\org\apache\ant\ant\1.10.9\ant-1.10.9.jar;C:\Users\ELCOT\.m2\repository\org\apache\ant\ant-junit\1.10.9\ant-junit-1.10.9.jar;C:\Users\ELCOT\.m2\repository\org\apache\ant\ant-launcher\1.10.9\ant-launcher-1.10.9.jar;C:\Users\ELCOT\.m2\repository\org\apache\ant\ant-antlr\1.10.9\ant-antlr-1.10.9.jar;C:\Users\ELCOT\.m2\repository\org\codehaus\groovy\groovy-astbuilder\3.0.8\groovy-astbuilder-3.0.8.jar;C:\Users\ELCOT\.m2\repository\org\codehaus\groovy\groovy-cli-picocli\3.0.8\groovy-cli-picocli-3.0.8.jar;C:\Users\ELCOT\.m2\repository\info\picocli\picocli\4.5.2\picocli-4.5.2.jar;C:\Users\ELCOT\.m2\repository\org\codehaus\groovy\groovy-console\3.0.8\groovy-console-3.0.8.jar;C:\Users\ELCOT\.m2\repository\org\codehaus\groovy\groovy-datetime\3.0.8\groovy-datetime-3.0.8.jar;C:\Users\ELCOT\.m2\repository\org\codehaus\groovy\groovy-docgenerator\3.0.8\groovy-docgenerator-3.0.8.jar;C:\Users\ELCOT\.m2\repository\com\thoughtworks\qdox\qdox\1.12.1\qdox-1.12.1.jar;C:\Users\ELCOT\.m2\repository\org\codehaus\groovy\groovy-groovydoc\3.0.8\groovy-groovydoc-3.0.8.jar;C:\Users\ELCOT\.m2\repository\com\github\javaparser\javaparser-core\3.18.0\javaparser-core-3.18.0.jar;C:\Users\ELCOT\.m2\repository\org\codehaus\groovy\groovy-groovysh\3.0.8\groovy-groovysh-3.0.8.jar;C:\Users\ELCOT\.m2\repository\jline\jline\2.14.6\jline-2.14.6.jar;C:\Users\ELCOT\.m2\repository\org\codehaus\groovy\groovy-jmx\3.0.8\groovy-jmx-3.0.8.jar;C:\Users\ELCOT\.m2\repository\org\codehaus\groovy\groovy-jsr223\3.0.8\groovy-jsr223-3.0.8.jar;C:\Users\ELCOT\.m2\repository\org\codehaus\groovy\groovy-macro\3.0.8\groovy-macro-3.0.8.jar;C:\Users\ELCOT\.m2\repository\org\codehaus\groovy\groovy-nio\3.0.8\groovy-nio-3.0.8.jar;C:\Users\ELCOT\.m2\repository\org\codehaus\groovy\groovy-servlet\3.0.8\groovy-servlet-3.0.8.jar;C:\Users\ELCOT\.m2\repository\org\codehaus\groovy\groovy-sql\3.0.8\groovy-sql-3.0.8.jar;C:\Users\ELCOT\.m2\repository\org\codehaus\groovy\groovy-swing\3.0.8\groovy-swing-3.0.8.jar;C:\Users\ELCOT\.m2\repository\org\codehaus\groovy\groovy-templates\3.0.8\groovy-templates-3.0.8.jar;C:\Users\ELCOT\.m2\repository\org\codehaus\groovy\groovy-test\3.0.8\groovy-test-3.0.8.jar;C:\Users\ELCOT\.m2\repository\org\codehaus\groovy\groovy-test-junit5\3.0.8\groovy-test-junit5-3.0.8.jar;C:\Users\ELCOT\.m2\repository\org\junit\jupiter\junit-jupiter-api\5.7.0\junit-jupiter-api-5.7.0.jar;C:\Users\ELCOT\.m2\repository\org\opentest4j\opentest4j\1.2.0\opentest4j-1.2.0.jar;C:\Users\ELCOT\.m2\repository\org\junit\platform\junit-platform-launcher\1.7.0\junit-platform-launcher-1.7.0.jar;C:\Users\ELCOT\.m2\repository\org\junit\platform\junit-platform-engine\1.7.0\junit-platform-engine-1.7.0.jar;C:\Users\ELCOT\.m2\repository\org\junit\platform\junit-platform-commons\1.7.0\junit-platform-commons-1.7.0.jar;C:\Users\ELCOT\.m2\repository\org\junit\jupiter\junit-jupiter-engine\5.7.0\junit-jupiter-engine-5.7.0.jar;C:\Users\ELCOT\.m2\repository\org\codehaus\groovy\groovy-testng\3.0.8\groovy-testng-3.0.8.jar;C:\Users\ELCOT\.m2\repository\org\testng\testng\7.4.0\testng-7.4.0.jar;C:\Users\ELCOT\.m2\repository\com\beust\jcommander\1.78\jcommander-1.78.jar;C:\Users\ELCOT\.m2\repository\org\webjars\jquery\3.5.1\jquery-3.5.1.jar;C:\Users\ELCOT\.m2\repository\org\codehaus\groovy\groovy\3.0.8\groovy-3.0.8.jar;C:\Users\ELCOT\.m2\repository\org\codehaus\groovy\groovy-json\3.0.8\groovy-json-3.0.8.jar;"/>
    <property name="sun.cpu.endian" value="little"/>
    <property name="user.home" value="C:\Users\ELCOT"/>
    <property name="user.language" value="en"/>
    <property name="java.specification.vendor" value="Oracle Corporation"/>
    <property name="java.version.date" value="2022-04-19"/>
    <property name="java.home" value="C:\Users\ELCOT\.p2\pool\plugins\org.eclipse.justj.openjdk.hotspot.jre.full.win32.x86_64_17.0.3.v20220515-1416\jre"/>
    <property name="file.separator" value="\"/>
    <property name="basedir" value="C:\Users\ELCOT\Downloads\FreeRestAssured\RestAssuredAPI-master"/>
    <property name="java.vm.compressedOopsMode" value="32-bit"/>
    <property name="line.separator" value="&#10;"/>
    <property name="java.vm.specification.vendor" value="Oracle Corporation"/>
    <property name="java.specification.name" value="Java Platform API Specification"/>
    <property name="surefire.real.class.path" value="C:\Users\ELCOT\AppData\Local\Temp\surefire660731643494185468\surefirebooter5359817537306589068.jar"/>
    <property name="user.script" value=""/>
    <property name="sun.management.compiler" value="HotSpot 64-Bit Tiered Compilers"/>
    <property name="java.runtime.version" value="17.0.3+7"/>
    <property name="user.name" value="ELCOT"/>
    <property name="path.separator" value=";"/>
    <property name="os.version" value="10.0"/>
    <property name="java.runtime.name" value="OpenJDK Runtime Environment"/>
    <property name="file.encoding" value="Cp1252"/>
    <property name="java.vm.name" value="OpenJDK 64-Bit Server VM"/>
    <property name="java.vendor.version" value="Temurin-17.0.3+7"/>
    <property name="localRepository" value="C:\Users\ELCOT\.m2\repository"/>
    <property name="java.vendor.url.bug" value="https://github.com/adoptium/adoptium-support/issues"/>
    <property name="java.io.tmpdir" value="C:\Users\ELCOT\AppData\Local\Temp\"/>
    <property name="java.version" value="17.0.3"/>
    <property name="user.dir" value="C:\Users\ELCOT\Downloads\FreeRestAssured\RestAssuredAPI-master"/>
    <property name="os.arch" value="amd64"/>
    <property name="java.vm.specification.name" value="Java Virtual Machine Specification"/>
    <property name="sun.os.patch.level" value=""/>
    <property name="native.encoding" value="Cp1252"/>
    <property name="java.library.path" value="C:\Users\ELCOT\.p2\pool\plugins\org.eclipse.justj.openjdk.hotspot.jre.full.win32.x86_64_17.0.3.v20220515-1416\jre\bin;C:\WINDOWS\Sun\Java\bin;C:\WINDOWS\system32;C:\WINDOWS;C:/Users/ELCOT/.p2/pool/plugins/org.eclipse.justj.openjdk.hotspot.jre.full.win32.x86_64_17.0.3.v20220515-1416/jre/bin/server;C:/Users/ELCOT/.p2/pool/plugins/org.eclipse.justj.openjdk.hotspot.jre.full.win32.x86_64_17.0.3.v20220515-1416/jre/bin;C:\Program Files (x86)\Common Files\Oracle\Java\javapath;C:\WINDOWS\system32;C:\WINDOWS;C:\WINDOWS\System32\Wbem;C:\WINDOWS\System32\WindowsPowerShell\v1.0\;C:\WINDOWS\System32\OpenSSH\;C:\Users\ELCOT\AppData\Local\Microsoft\WindowsApps;;C:\WINDOWS\system32;;."/>
    <property name="java.vm.info" value="mixed mode"/>
    <property name="java.vendor" value="Eclipse Adoptium"/>
    <property name="java.vm.version" value="17.0.3+7"/>
    <property name="sun.io.unicode.encoding" value="UnicodeLittle"/>
    <property name="java.class.version" value="61.0"/>
  </properties>
  <testcase name="Search users validate the posts and comments" classname="Search users validate the posts and comments" time="17.139">
    <system-out><![CDATA[[1, 2, 3, 4, 5, 6, 7, 8, 9, 10]
3
[21, 22, 23, 24, 25, 26, 27, 28, 29, 30]
Lura@rod.tv
Lottie.Zieme@ruben.us
Winona_Price@jevon.me
Gabriel@oceane.biz
Adolph.Ondricka@mozell.co.uk
Allen@richard.biz
Nicholaus@mikayla.ca
Kayla@susanna.org
Gideon@amina.name
Cassidy@maribel.io
Stefan.Crist@duane.ca
Aniyah.Ortiz@monte.me
Laverna@rico.biz
Derek@hildegard.net
Tyrell@abdullah.ca
Reyes@hailey.name
Danika.Dicki@mekhi.biz
Alessandra.Nitzsche@stephania.us
Matteo@marquis.net
Joshua.Spinka@toby.io
Annabelle@cole.com
Kacey@jamal.info
Mina@mallie.name
Hudson.Blick@ruben.biz
Domenic.Durgan@joaquin.name
Alexie@alayna.org
Haven_Barrows@brant.org
Marianne@maximo.us
Fanny@danial.com
Trevion_Kuphal@bernice.name
Emmet@guy.biz
Megane.Fritsch@claude.name
Amya@durward.ca
Jasen_Rempel@willis.org
Harmony@reggie.com
Rosanna_Kunze@guy.net
Ressie.Boehm@flossie.com
Domenic.Wuckert@jazmyne.us
Rhett.OKon@brian.info
Mathias@richmond.info
Ottis@lourdes.org
Estel@newton.ca
Bertha@erik.co.uk
Joesph@matteo.info
Alva@cassandre.net
Vivienne@willis.org
Angelita@aliza.me
Timmothy_Okuneva@alyce.tv
Moriah_Welch@richmond.org
Ramiro_Kuhn@harmon.biz
]]></system-out>
  </testcase>
</testsuite>